<?xml version="1.0" encoding="UTF-8"?>
<!-- Generated by org.testng.reporters.JUnitReportReporter -->
<testsuite hostname="C02XD9EXJG5J.local" failures="0" tests="1" name="selenium.assignment2.AppTest" time="48.633" errors="0" timestamp="30 Jun 2021 17:47:17 GMT" skipped="0">
  <testcase classname="selenium.assignment2.AppTest" name="verifyUsernameAndPrice" time="48.633"/>
</testsuite> <!-- selenium.assignment2.AppTest -->
